2024.07.06 20:40:53 INFO  Started: Metals version 1.3.2 in folders 'C:\Users\yassi\OneDrive\Bureau\4al_Sem2\SCALA\scalaPROJET\scala_project_mower' for client Visual Studio Code 1.91.0.
SLF4J(W): Class path contains multiple SLF4J providers.
SLF4J(W): Found provider [scribe.slf4j.ScribeServiceProvider@4690b30d]
SLF4J(W): Found provider [ch.qos.logback.classic.spi.LogbackServiceProvider@233f3de7]
SLF4J(W): See https://www.slf4j.org/codes.html#multiple_bindings for an explanation.
SLF4J(I): Actual provider is of type [scribe.slf4j.ScribeServiceProvider@4690b30d]
2024.07.06 20:40:54 WARN  Flyway upgrade recommended: H2 2.2.224 is newer than this version of Flyway and support has not been tested. The latest supported version of H2 is 2.2.220.
2024.07.06 20:40:54 INFO  Attempting to connect to the build server...
2024.07.06 20:40:54 INFO  tracing is disabled for protocol BSP, to enable tracing of incoming and outgoing JSON messages create an empty file at C:\Users\yassi\OneDrive\Bureau\4al_Sem2\SCALA\scalaPROJET\scala_project_mower\.metals\bsp.trace.json or C:\Users\yassi\AppData\Local\scalameta\metals\cache\bsp.trace.json
2024.07.06 20:40:54 INFO  time: Connected to build server in 0.83s
2024.07.06 20:40:54 INFO  Connected to Build server: Bloop v1.5.18
2024.07.06 20:40:55 INFO  time: Imported build in 0.41s
2024.07.06 20:40:58 INFO  time: indexed workspace in 3.06s
2024.07.06 20:41:00 INFO  running 'C:\Users\yassi\AppData\Local\Coursier\cache\arc\https\github.com\adoptium\temurin17-binaries\releases\download\jdk-17%252B35\OpenJDK17-jdk_x64_windows_hotspot_17_35.zip\jdk-17+35\bin\java.exe -Djline.terminal=jline.UnsupportedTerminal -Dsbt.log.noformat=true -Dfile.encoding=UTF-8 -jar C:\Users\yassi\AppData\Local\Temp\metals6077406269844395448\sbt-launch.jar -Dbloop.export-jar-classifiers=sources bloopInstall'
2024.07.06 20:41:03 INFO  [info] welcome to sbt 1.9.9 (Eclipse Adoptium Java 17)
2024.07.06 20:41:07 INFO  [info] loading settings for project scala_project_mower-build-build-build from metals.sbt ...
2024.07.06 20:41:08 INFO  [info] loading project definition from C:\Users\yassi\OneDrive\Bureau\4al_Sem2\SCALA\scalaPROJET\scala_project_mower\project\project\project
2024.07.06 20:41:11 INFO  no build target found for C:\Users\yassi\OneDrive\Bureau\4al_Sem2\SCALA\scalaPROJET\scala_project_mower\build.sbt. Using presentation compiler with project's scala-library version: 3.3.3
2024.07.06 20:41:11 INFO  no build target found for C:\Users\yassi\OneDrive\Bureau\4al_Sem2\SCALA\scalaPROJET\scala_project_mower\build.sbt. Using presentation compiler with project's scala-library version: 3.3.3
juil. 06, 2024 8:41:15 PM org.eclipse.lsp4j.jsonrpc.RemoteEndpoint handleCancellation
AVERTISSEMENT: Unmatched cancel notification for request id 14
2024.07.06 20:41:15 INFO  no build target found for C:\Users\yassi\OneDrive\Bureau\4al_Sem2\SCALA\scalaPROJET\scala_project_mower\build.sbt. Using presentation compiler with project's scala-library version: 3.3.3
2024.07.06 20:41:16 INFO  [info] loading settings for project scala_project_mower-build-build from metals.sbt ...
2024.07.06 20:41:16 INFO  [info] loading project definition from C:\Users\yassi\OneDrive\Bureau\4al_Sem2\SCALA\scalaPROJET\scala_project_mower\project\project
2024.07.06 20:41:26 INFO  [success] Generated .bloop\scala_project_mower-build-build.json
2024.07.06 20:41:26 INFO  [warn] Removed stale C:\Users\yassi\OneDrive\Bureau\4al_Sem2\SCALA\scalaPROJET\scala_project_mower\project\project\.bloop\funprog-al-build-build.json
2024.07.06 20:41:26 INFO  [success] Total time: 9 s, completed 6 juil. 2024, 20:41:26
2024.07.06 20:41:27 INFO  time: code lens generation in 11s
2024.07.06 20:41:29 INFO  [info] loading settings for project scala_project_mower-build from metals.sbt,plugins.sbt ...
2024.07.06 20:41:29 INFO  [info] loading project definition from C:\Users\yassi\OneDrive\Bureau\4al_Sem2\SCALA\scalaPROJET\scala_project_mower\project
2024.07.06 20:41:35 INFO  [success] Generated .bloop\scala_project_mower-build.json
2024.07.06 20:41:35 INFO  [info] compiling 1 Scala source to C:\Users\yassi\OneDrive\Bureau\4al_Sem2\SCALA\scalaPROJET\scala_project_mower\project\target\scala-2.12\sbt-1.0\classes ...
2024.07.06 20:41:39 INFO  [info] done compiling
2024.07.06 20:41:39 INFO  [warn] Removed stale C:\Users\yassi\OneDrive\Bureau\4al_Sem2\SCALA\scalaPROJET\scala_project_mower\project\.bloop\funprog-al-build.json
2024.07.06 20:41:39 INFO  [success] Total time: 10 s, completed 6 juil. 2024, 20:41:39
2024.07.06 20:41:44 INFO  [info] loading settings for project root from build.sbt ...
2024.07.06 20:41:44 INFO  [info] set current project to funprog-AL (in build file:/C:/Users/yassi/OneDrive/Bureau/4al_Sem2/SCALA/scalaPROJET/scala_project_mower/)
2024.07.06 20:41:52 INFO  [error] Couldn't run bloopGenerate. The issue could be caused by failing to compile the project.
2024.07.06 20:41:52 INFO  [error] lmcoursier.internal.shaded.coursier.error.FetchError$DownloadingArtifacts: Error fetching artifacts:
2024.07.06 20:41:52 INFO  [error] https://repo1.maven.org/maven2/com/vladsch/flexmark/flexmark-ext-superscript/0.62.2/flexmark-ext-superscript-0.62.2-sources.jar: download error: Caught java.nio.channels.OverlappingFileLockException while downloading https://repo1.maven.org/maven2/com/vladsch/flexmark/flexmark-ext-superscript/0.62.2/flexmark-ext-superscript-0.62.2-sources.jar
2024.07.06 20:41:52 INFO  [error] https://repo1.maven.org/maven2/com/lihaoyi/ujson_3/3.1.0/ujson_3-3.1.0-sources.jar: download error: Caught java.nio.channels.OverlappingFileLockException while downloading https://repo1.maven.org/maven2/com/lihaoyi/ujson_3/3.1.0/ujson_3-3.1.0-sources.jar
2024.07.06 20:41:52 INFO  [error] https://repo1.maven.org/maven2/com/vladsch/flexmark/flexmark-ext-gfm-tasklist/0.62.2/flexmark-ext-gfm-tasklist-0.62.2-sources.jar: download error: Caught java.nio.channels.OverlappingFileLockException while downloading https://repo1.maven.org/maven2/com/vladsch/flexmark/flexmark-ext-gfm-tasklist/0.62.2/flexmark-ext-gfm-tasklist-0.62.2-sources.jar
2024.07.06 20:41:52 INFO  [error] https://repo1.maven.org/maven2/org/jline/jline-reader/3.19.0/jline-reader-3.19.0-sources.jar: download error: Caught java.nio.channels.OverlappingFileLockException while downloading https://repo1.maven.org/maven2/org/jline/jline-reader/3.19.0/jline-reader-3.19.0-sources.jar
2024.07.06 20:41:52 INFO  [error] https://repo1.maven.org/maven2/nl/big-o/liqp/0.8.2/liqp-0.8.2-sources.jar: download error: Caught java.nio.channels.OverlappingFileLockException while downloading https://repo1.maven.org/maven2/nl/big-o/liqp/0.8.2/liqp-0.8.2-sources.jar
2024.07.06 20:41:52 INFO  [error] https://repo1.maven.org/maven2/org/scalameta/junit-interface/1.0.0-M11/junit-interface-1.0.0-M11-sources.jar: download error: Caught java.nio.channels.OverlappingFileLockException while downloading https://repo1.maven.org/maven2/org/scalameta/junit-interface/1.0.0-M11/junit-interface-1.0.0-M11-sources.jar
2024.07.06 20:41:52 INFO  [error] https://repo1.maven.org/maven2/com/vladsch/flexmark/flexmark-ext-tables/0.62.2/flexmark-ext-tables-0.62.2-sources.jar: download error: Caught java.nio.channels.OverlappingFileLockException while downloading https://repo1.maven.org/maven2/com/vladsch/flexmark/flexmark-ext-tables/0.62.2/flexmark-ext-tables-0.62.2-sources.jar
2024.07.06 20:41:52 INFO  [error] https://repo1.maven.org/maven2/com/vladsch/flexmark/flexmark-jira-converter/0.62.2/flexmark-jira-converter-0.62.2-sources.jar: download error: Caught java.nio.channels.OverlappingFileLockException while downloading https://repo1.maven.org/maven2/com/vladsch/flexmark/flexmark-jira-converter/0.62.2/flexmark-jira-converter-0.62.2-sources.jar
2024.07.06 20:41:52 INFO  [error] https://repo1.maven.org/maven2/com/lihaoyi/upickle-core_3/3.1.0/upickle-core_3-3.1.0-sources.jar: download error: Caught java.nio.channels.OverlappingFileLockException while downloading https://repo1.maven.org/maven2/com/lihaoyi/upickle-core_3/3.1.0/upickle-core_3-3.1.0-sources.jar
2024.07.06 20:41:52 INFO  [error] https://repo1.maven.org/maven2/com/vladsch/flexmark/flexmark-util-format/0.62.2/flexmark-util-format-0.62.2-sources.jar: download error: Caught java.nio.channels.OverlappingFileLockException while downloading https://repo1.maven.org/maven2/com/vladsch/flexmark/flexmark-util-format/0.62.2/flexmark-util-format-0.62.2-sources.jar
2024.07.06 20:41:52 INFO  [error] https://repo1.maven.org/maven2/com/vladsch/flexmark/flexmark-util-misc/0.62.2/flexmark-util-misc-0.62.2-sources.jar: download error: Caught java.nio.channels.OverlappingFileLockException while downloading https://repo1.maven.org/maven2/com/vladsch/flexmark/flexmark-util-misc/0.62.2/flexmark-util-misc-0.62.2-sources.jar
2024.07.06 20:41:52 INFO  [error] https://repo1.maven.org/maven2/org/scala-lang/scala-library/2.13.12/scala-library-2.13.12-sources.jar: download error: Caught java.nio.channels.OverlappingFileLockException while downloading https://repo1.maven.org/maven2/org/scala-lang/scala-library/2.13.12/scala-library-2.13.12-sources.jar
2024.07.06 20:41:52 INFO  [error] https://repo1.maven.org/maven2/org/jline/jline-terminal/3.19.0/jline-terminal-3.19.0-sources.jar: download error: Caught java.nio.channels.OverlappingFileLockException while downloading https://repo1.maven.org/maven2/org/jline/jline-terminal/3.19.0/jline-terminal-3.19.0-sources.jar
2024.07.06 20:41:52 INFO  [error] https://repo1.maven.org/maven2/com/vladsch/flexmark/flexmark-util-sequence/0.62.2/flexmark-util-sequence-0.62.2-sources.jar: download error: Caught java.nio.channels.OverlappingFileLockException while downloading https://repo1.maven.org/maven2/com/vladsch/flexmark/flexmark-util-sequence/0.62.2/flexmark-util-sequence-0.62.2-sources.jar
2024.07.06 20:41:52 INFO  [error] https://repo1.maven.org/maven2/org/jsoup/jsoup/1.17.2/jsoup-1.17.2-sources.jar: download error: Caught java.nio.channels.OverlappingFileLockException while downloading https://repo1.maven.org/maven2/org/jsoup/jsoup/1.17.2/jsoup-1.17.2-sources.jar
2024.07.06 20:41:52 INFO  [error] https://repo1.maven.org/maven2/com/vladsch/flexmark/flexmark-ext-wikilink/0.62.2/flexmark-ext-wikilink-0.62.2-sources.jar: download error: Caught java.nio.channels.OverlappingFileLockException while downloading https://repo1.maven.org/maven2/com/vladsch/flexmark/flexmark-ext-wikilink/0.62.2/flexmark-ext-wikilink-0.62.2-sources.jar
2024.07.06 20:41:52 INFO  [error] https://repo1.maven.org/maven2/org/scala-lang/scala3-compiler_3/3.3.3/scala3-compiler_3-3.3.3-sources.jar: download error: Caught java.nio.channels.OverlappingFileLockException while downloading https://repo1.maven.org/maven2/org/scala-lang/scala3-compiler_3/3.3.3/scala3-compiler_3-3.3.3-sources.jar
2024.07.06 20:41:52 INFO  [error] https://repo1.maven.org/maven2/ua/co/k/strftime4j/1.0.5/strftime4j-1.0.5-sources.jar: download error: Caught java.nio.channels.OverlappingFileLockException while downloading https://repo1.maven.org/maven2/ua/co/k/strftime4j/1.0.5/strftime4j-1.0.5-sources.jar
2024.07.06 20:41:52 INFO  [error] https://repo1.maven.org/maven2/com/vladsch/flexmark/flexmark-util-builder/0.62.2/flexmark-util-builder-0.62.2-sources.jar: download error: Caught java.nio.channels.OverlappingFileLockException while downloading https://repo1.maven.org/maven2/com/vladsch/flexmark/flexmark-util-builder/0.62.2/flexmark-util-builder-0.62.2-sources.jar
2024.07.06 20:41:52 INFO  [error] https://repo1.maven.org/maven2/com/vladsch/flexmark/flexmark-util-ast/0.62.2/flexmark-util-ast-0.62.2-sources.jar: download error: Caught java.nio.channels.OverlappingFileLockException while downloading https://repo1.maven.org/maven2/com/vladsch/flexmark/flexmark-util-ast/0.62.2/flexmark-util-ast-0.62.2-sources.jar
2024.07.06 20:41:52 INFO  [error] https://repo1.maven.org/maven2/org/jetbrains/annotations/15.0/annotations-15.0-sources.jar: download error: Caught java.nio.channels.OverlappingFileLockException while downloading https://repo1.maven.org/maven2/org/jetbrains/annotations/15.0/annotations-15.0-sources.jar
2024.07.06 20:41:52 INFO  [error] https://repo1.maven.org/maven2/org/yaml/snakeyaml/2.0/snakeyaml-2.0-sources.jar: download error: Caught java.nio.channels.OverlappingFileLockException while downloading https://repo1.maven.org/maven2/org/yaml/snakeyaml/2.0/snakeyaml-2.0-sources.jar
2024.07.06 20:41:52 INFO  [error] https://repo1.maven.org/maven2/org/scalameta/munit_3/1.0.0-M11/munit_3-1.0.0-M11-sources.jar: download error: Caught java.nio.channels.OverlappingFileLockException while downloading https://repo1.maven.org/maven2/org/scalameta/munit_3/1.0.0-M11/munit_3-1.0.0-M11-sources.jar
2024.07.06 20:41:52 INFO  [error] 
2024.07.06 20:41:52 INFO  [error] 	at lmcoursier.internal.shaded.coursier.Artifacts$.$anonfun$fetchArtifacts$9(Artifacts.scala:365)
2024.07.06 20:41:52 INFO  [error] 	at lmcoursier.internal.shaded.coursier.util.Task$.$anonfun$flatMap$extension$1(Task.scala:14)
2024.07.06 20:41:52 INFO  [error] 	at lmcoursier.internal.shaded.coursier.util.Task$.$anonfun$flatMap$extension$1$adapted(Task.scala:14)
2024.07.06 20:41:52 INFO  [error] 	at lmcoursier.internal.shaded.coursier.util.Task$.wrap(Task.scala:82)
2024.07.06 20:41:52 INFO  [error] 	at lmcoursier.internal.shaded.coursier.util.Task$.$anonfun$flatMap$2(Task.scala:14)
2024.07.06 20:41:52 INFO  [error] 	at scala.concurrent.Future.$anonfun$flatMap$1(Future.scala:307)
2024.07.06 20:41:52 INFO  [error] 	at scala.concurrent.impl.Promise.$anonfun$transformWith$1(Promise.scala:41)
2024.07.06 20:41:52 INFO  [error] 	at scala.concurrent.impl.CallbackRunnable.run(Promise.scala:64)
2024.07.06 20:41:52 INFO  [error] 	at java.base/java.util.concurrent.ThreadPoolExecutor.runWorker(ThreadPoolExecutor.java:1136)
2024.07.06 20:41:52 INFO  [error] 	at java.base/java.util.concurrent.ThreadPoolExecutor$Worker.run(ThreadPoolExecutor.java:635)
2024.07.06 20:41:52 INFO  [error] 	at java.base/java.lang.Thread.run(Thread.java:833)
2024.07.06 20:41:52 INFO  [error] Caused by: lmcoursier.internal.shaded.coursier.cache.ArtifactError$DownloadError: download error: Caught java.nio.channels.OverlappingFileLockException while downloading https://repo1.maven.org/maven2/com/vladsch/flexmark/flexmark-ext-superscript/0.62.2/flexmark-ext-superscript-0.62.2-sources.jar
2024.07.06 20:41:52 INFO  [error] 	at lmcoursier.internal.shaded.coursier.cache.internal.Downloader$.helper$2(Downloader.scala:793)
2024.07.06 20:41:52 INFO  [error] 	at lmcoursier.internal.shaded.coursier.cache.internal.Downloader$.coursier$cache$internal$Downloader$$downloading(Downloader.scala:806)
2024.07.06 20:41:52 INFO  [error] 	at lmcoursier.internal.shaded.coursier.cache.internal.Downloader$Blocking$.remote(Downloader.scala:415)
2024.07.06 20:41:52 INFO  [error] 	at lmcoursier.internal.shaded.coursier.cache.internal.Downloader.$anonfun$remote$6(Downloader.scala:533)
2024.07.06 20:41:52 INFO  [error] 	at scala.concurrent.Future$.$anonfun$apply$1(Future.scala:659)
2024.07.06 20:41:52 INFO  [error] 	at scala.util.Success.$anonfun$map$1(Try.scala:255)
2024.07.06 20:41:52 INFO  [error] 	at scala.util.Success.map(Try.scala:213)
2024.07.06 20:41:52 INFO  [error] 	at scala.concurrent.Future.$anonfun$map$1(Future.scala:292)
2024.07.06 20:41:52 INFO  [error] 	at scala.concurrent.impl.Promise.liftedTree1$1(Promise.scala:33)
2024.07.06 20:41:52 INFO  [error] 	at scala.concurrent.impl.Promise.$anonfun$transform$1(Promise.scala:33)
2024.07.06 20:41:52 INFO  [error] 	at scala.concurrent.impl.CallbackRunnable.run(Promise.scala:64)
2024.07.06 20:41:52 INFO  [error] 	at java.base/java.util.concurrent.ThreadPoolExecutor.runWorker(ThreadPoolExecutor.java:1136)
2024.07.06 20:41:52 INFO  [error] 	at java.base/java.util.concurrent.ThreadPoolExecutor$Worker.run(ThreadPoolExecutor.java:635)
2024.07.06 20:41:52 INFO  [error] 	at java.base/java.lang.Thread.run(Thread.java:833)
2024.07.06 20:41:52 INFO  [error] Caused by: java.nio.channels.OverlappingFileLockException
2024.07.06 20:41:52 INFO  [error] 	at java.base/sun.nio.ch.FileLockTable.checkList(FileLockTable.java:229)
2024.07.06 20:41:52 INFO  [error] 	at java.base/sun.nio.ch.FileLockTable.add(FileLockTable.java:123)
2024.07.06 20:41:52 INFO  [error] 	at java.base/sun.nio.ch.FileChannelImpl.lock(FileChannelImpl.java:1252)
2024.07.06 20:41:52 INFO  [error] 	at java.base/java.nio.channels.FileChannel.lock(FileChannel.java:1089)
2024.07.06 20:41:52 INFO  [error] 	at lmcoursier.internal.shaded.coursier.paths.CachePath.withStructureLock(CachePath.java:152)
2024.07.06 20:41:52 INFO  [error] 	at lmcoursier.internal.shaded.coursier.cache.CacheLocks$.withStructureLock(CacheLocks.scala:20)
2024.07.06 20:41:52 INFO  [error] 	at lmcoursier.internal.shaded.coursier.cache.internal.Downloader$Blocking$.doDownload(Downloader.scala:291)
2024.07.06 20:41:52 INFO  [error] 	at lmcoursier.internal.shaded.coursier.cache.internal.Downloader$Blocking$.$anonfun$remote$2(Downloader.scala:410)
2024.07.06 20:41:52 INFO  [error] 	at lmcoursier.internal.shaded.coursier.cache.CacheLocks$.loop$1(CacheLocks.scala:73)
2024.07.06 20:41:52 INFO  [error] 	at lmcoursier.internal.shaded.coursier.cache.CacheLocks$.withLockOr(CacheLocks.scala:93)
2024.07.06 20:41:52 INFO  [error] 	at lmcoursier.internal.shaded.coursier.cache.internal.Downloader$Blocking$.$anonfun$remote$1(Downloader.scala:413)
2024.07.06 20:41:52 INFO  [error] 	at lmcoursier.internal.shaded.coursier.cache.internal.Downloader$.$anonfun$downloading$1(Downloader.scala:764)
2024.07.06 20:41:52 INFO  [error] 	at lmcoursier.internal.shaded.coursier.cache.CacheLocks$.withUrlLock(CacheLocks.scala:112)
2024.07.06 20:41:52 INFO  [error] 	at lmcoursier.internal.shaded.coursier.cache.internal.Downloader$.helper$2(Downloader.scala:764)
2024.07.06 20:41:52 INFO  [error] 	at lmcoursier.internal.shaded.coursier.cache.internal.Downloader$.coursier$cache$internal$Downloader$$downloading(Downloader.scala:806)
2024.07.06 20:41:52 INFO  [error] 	at lmcoursier.internal.shaded.coursier.cache.internal.Downloader$Blocking$.remote(Downloader.scala:415)
2024.07.06 20:41:52 INFO  [error] 	at lmcoursier.internal.shaded.coursier.cache.internal.Downloader.$anonfun$remote$6(Downloader.scala:533)
2024.07.06 20:41:52 INFO  [error] 	at scala.concurrent.Future$.$anonfun$apply$1(Future.scala:659)
2024.07.06 20:41:52 INFO  [error] 	at scala.util.Success.$anonfun$map$1(Try.scala:255)
2024.07.06 20:41:52 INFO  [error] 	at scala.util.Success.map(Try.scala:213)
2024.07.06 20:41:52 INFO  [error] 	at scala.concurrent.Future.$anonfun$map$1(Future.scala:292)
2024.07.06 20:41:52 INFO  [error] 	at scala.concurrent.impl.Promise.liftedTree1$1(Promise.scala:33)
2024.07.06 20:41:52 INFO  [error] 	at scala.concurrent.impl.Promise.$anonfun$transform$1(Promise.scala:33)
2024.07.06 20:41:52 INFO  [error] 	at scala.concurrent.impl.CallbackRunnable.run(Promise.scala:64)
2024.07.06 20:41:52 INFO  [error] 	at java.base/java.util.concurrent.ThreadPoolExecutor.runWorker(ThreadPoolExecutor.java:1136)
2024.07.06 20:41:52 INFO  [error] 	at java.base/java.util.concurrent.ThreadPoolExecutor$Worker.run(ThreadPoolExecutor.java:635)
2024.07.06 20:41:52 INFO  [error] 	at java.base/java.lang.Thread.run(Thread.java:833)
2024.07.06 20:41:52 INFO  [error] (updateClassifiers) lmcoursier.internal.shaded.coursier.error.FetchError$DownloadingArtifacts: Error fetching artifacts:
2024.07.06 20:41:52 INFO  [error] https://repo1.maven.org/maven2/com/vladsch/flexmark/flexmark-ext-superscript/0.62.2/flexmark-ext-superscript-0.62.2-sources.jar: download error: Caught java.nio.channels.OverlappingFileLockException while downloading https://repo1.maven.org/maven2/com/vladsch/flexmark/flexmark-ext-superscript/0.62.2/flexmark-ext-superscript-0.62.2-sources.jar
2024.07.06 20:41:52 INFO  [error] https://repo1.maven.org/maven2/com/lihaoyi/ujson_3/3.1.0/ujson_3-3.1.0-sources.jar: download error: Caught java.nio.channels.OverlappingFileLockException while downloading https://repo1.maven.org/maven2/com/lihaoyi/ujson_3/3.1.0/ujson_3-3.1.0-sources.jar
2024.07.06 20:41:52 INFO  [error] https://repo1.maven.org/maven2/com/vladsch/flexmark/flexmark-ext-gfm-tasklist/0.62.2/flexmark-ext-gfm-tasklist-0.62.2-sources.jar: download error: Caught java.nio.channels.OverlappingFileLockException while downloading https://repo1.maven.org/maven2/com/vladsch/flexmark/flexmark-ext-gfm-tasklist/0.62.2/flexmark-ext-gfm-tasklist-0.62.2-sources.jar
2024.07.06 20:41:52 INFO  [error] https://repo1.maven.org/maven2/org/jline/jline-reader/3.19.0/jline-reader-3.19.0-sources.jar: download error: Caught java.nio.channels.OverlappingFileLockException while downloading https://repo1.maven.org/maven2/org/jline/jline-reader/3.19.0/jline-reader-3.19.0-sources.jar
2024.07.06 20:41:52 INFO  [error] https://repo1.maven.org/maven2/nl/big-o/liqp/0.8.2/liqp-0.8.2-sources.jar: download error: Caught java.nio.channels.OverlappingFileLockException while downloading https://repo1.maven.org/maven2/nl/big-o/liqp/0.8.2/liqp-0.8.2-sources.jar
2024.07.06 20:41:52 INFO  [error] https://repo1.maven.org/maven2/org/scalameta/junit-interface/1.0.0-M11/junit-interface-1.0.0-M11-sources.jar: download error: Caught java.nio.channels.OverlappingFileLockException while downloading https://repo1.maven.org/maven2/org/scalameta/junit-interface/1.0.0-M11/junit-interface-1.0.0-M11-sources.jar
2024.07.06 20:41:52 INFO  [error] https://repo1.maven.org/maven2/com/vladsch/flexmark/flexmark-ext-tables/0.62.2/flexmark-ext-tables-0.62.2-sources.jar: download error: Caught java.nio.channels.OverlappingFileLockException while downloading https://repo1.maven.org/maven2/com/vladsch/flexmark/flexmark-ext-tables/0.62.2/flexmark-ext-tables-0.62.2-sources.jar
2024.07.06 20:41:52 INFO  [error] https://repo1.maven.org/maven2/com/vladsch/flexmark/flexmark-jira-converter/0.62.2/flexmark-jira-converter-0.62.2-sources.jar: download error: Caught java.nio.channels.OverlappingFileLockException while downloading https://repo1.maven.org/maven2/com/vladsch/flexmark/flexmark-jira-converter/0.62.2/flexmark-jira-converter-0.62.2-sources.jar
2024.07.06 20:41:52 INFO  [error] https://repo1.maven.org/maven2/com/lihaoyi/upickle-core_3/3.1.0/upickle-core_3-3.1.0-sources.jar: download error: Caught java.nio.channels.OverlappingFileLockException while downloading https://repo1.maven.org/maven2/com/lihaoyi/upickle-core_3/3.1.0/upickle-core_3-3.1.0-sources.jar
2024.07.06 20:41:52 INFO  [error] https://repo1.maven.org/maven2/com/vladsch/flexmark/flexmark-util-format/0.62.2/flexmark-util-format-0.62.2-sources.jar: download error: Caught java.nio.channels.OverlappingFileLockException while downloading https://repo1.maven.org/maven2/com/vladsch/flexmark/flexmark-util-format/0.62.2/flexmark-util-format-0.62.2-sources.jar
2024.07.06 20:41:52 INFO  [error] https://repo1.maven.org/maven2/com/vladsch/flexmark/flexmark-util-misc/0.62.2/flexmark-util-misc-0.62.2-sources.jar: download error: Caught java.nio.channels.OverlappingFileLockException while downloading https://repo1.maven.org/maven2/com/vladsch/flexmark/flexmark-util-misc/0.62.2/flexmark-util-misc-0.62.2-sources.jar
2024.07.06 20:41:52 INFO  [error] https://repo1.maven.org/maven2/org/scala-lang/scala-library/2.13.12/scala-library-2.13.12-sources.jar: download error: Caught java.nio.channels.OverlappingFileLockException while downloading https://repo1.maven.org/maven2/org/scala-lang/scala-library/2.13.12/scala-library-2.13.12-sources.jar
2024.07.06 20:41:52 INFO  [error] https://repo1.maven.org/maven2/org/jline/jline-terminal/3.19.0/jline-terminal-3.19.0-sources.jar: download error: Caught java.nio.channels.OverlappingFileLockException while downloading https://repo1.maven.org/maven2/org/jline/jline-terminal/3.19.0/jline-terminal-3.19.0-sources.jar
2024.07.06 20:41:52 INFO  [error] https://repo1.maven.org/maven2/com/vladsch/flexmark/flexmark-util-sequence/0.62.2/flexmark-util-sequence-0.62.2-sources.jar: download error: Caught java.nio.channels.OverlappingFileLockException while downloading https://repo1.maven.org/maven2/com/vladsch/flexmark/flexmark-util-sequence/0.62.2/flexmark-util-sequence-0.62.2-sources.jar
2024.07.06 20:41:52 INFO  [error] https://repo1.maven.org/maven2/org/jsoup/jsoup/1.17.2/jsoup-1.17.2-sources.jar: download error: Caught java.nio.channels.OverlappingFileLockException while downloading https://repo1.maven.org/maven2/org/jsoup/jsoup/1.17.2/jsoup-1.17.2-sources.jar
2024.07.06 20:41:52 INFO  [error] https://repo1.maven.org/maven2/com/vladsch/flexmark/flexmark-ext-wikilink/0.62.2/flexmark-ext-wikilink-0.62.2-sources.jar: download error: Caught java.nio.channels.OverlappingFileLockException while downloading https://repo1.maven.org/maven2/com/vladsch/flexmark/flexmark-ext-wikilink/0.62.2/flexmark-ext-wikilink-0.62.2-sources.jar
2024.07.06 20:41:52 INFO  [error] https://repo1.maven.org/maven2/org/scala-lang/scala3-compiler_3/3.3.3/scala3-compiler_3-3.3.3-sources.jar: download error: Caught java.nio.channels.OverlappingFileLockException while downloading https://repo1.maven.org/maven2/org/scala-lang/scala3-compiler_3/3.3.3/scala3-compiler_3-3.3.3-sources.jar
2024.07.06 20:41:52 INFO  [error] https://repo1.maven.org/maven2/ua/co/k/strftime4j/1.0.5/strftime4j-1.0.5-sources.jar: download error: Caught java.nio.channels.OverlappingFileLockException while downloading https://repo1.maven.org/maven2/ua/co/k/strftime4j/1.0.5/strftime4j-1.0.5-sources.jar
2024.07.06 20:41:52 INFO  [error] https://repo1.maven.org/maven2/com/vladsch/flexmark/flexmark-util-builder/0.62.2/flexmark-util-builder-0.62.2-sources.jar: download error: Caught java.nio.channels.OverlappingFileLockException while downloading https://repo1.maven.org/maven2/com/vladsch/flexmark/flexmark-util-builder/0.62.2/flexmark-util-builder-0.62.2-sources.jar
2024.07.06 20:41:52 INFO  [error] https://repo1.maven.org/maven2/com/vladsch/flexmark/flexmark-util-ast/0.62.2/flexmark-util-ast-0.62.2-sources.jar: download error: Caught java.nio.channels.OverlappingFileLockException while downloading https://repo1.maven.org/maven2/com/vladsch/flexmark/flexmark-util-ast/0.62.2/flexmark-util-ast-0.62.2-sources.jar
2024.07.06 20:41:52 INFO  [error] https://repo1.maven.org/maven2/org/jetbrains/annotations/15.0/annotations-15.0-sources.jar: download error: Caught java.nio.channels.OverlappingFileLockException while downloading https://repo1.maven.org/maven2/org/jetbrains/annotations/15.0/annotations-15.0-sources.jar
2024.07.06 20:41:52 INFO  [error] https://repo1.maven.org/maven2/org/yaml/snakeyaml/2.0/snakeyaml-2.0-sources.jar: download error: Caught java.nio.channels.OverlappingFileLockException while downloading https://repo1.maven.org/maven2/org/yaml/snakeyaml/2.0/snakeyaml-2.0-sources.jar
2024.07.06 20:41:52 INFO  [error] https://repo1.maven.org/maven2/org/scalameta/munit_3/1.0.0-M11/munit_3-1.0.0-M11-sources.jar: download error: Caught java.nio.channels.OverlappingFileLockException while downloading https://repo1.maven.org/maven2/org/scalameta/munit_3/1.0.0-M11/munit_3-1.0.0-M11-sources.jar
2024.07.06 20:41:52 INFO  [error] Total time: 7 s, completed 6 juil. 2024, 20:41:52
2024.07.06 20:41:52 INFO  time: ran 'sbt bloopInstall' in 52s
2024.07.06 20:41:52 ERROR sbt command failed: C:\Users\yassi\AppData\Local\Coursier\cache\arc\https\github.com\adoptium\temurin17-binaries\releases\download\jdk-17%252B35\OpenJDK17-jdk_x64_windows_hotspot_17_35.zip\jdk-17+35\bin\java.exe -Djline.terminal=jline.UnsupportedTerminal -Dsbt.log.noformat=true -Dfile.encoding=UTF-8 -jar C:\Users\yassi\AppData\Local\Temp\metals6077406269844395448\sbt-launch.jar -Dbloop.export-jar-classifiers=sources bloopInstall
2024.07.06 20:41:58 INFO  no build target found for C:\Users\yassi\OneDrive\Bureau\4al_Sem2\SCALA\scalaPROJET\scala_project_mower\build.sbt. Using presentation compiler with project's scala-library version: 3.3.3
2024.07.06 20:42:28 INFO  no build target found for C:\Users\yassi\OneDrive\Bureau\4al_Sem2\SCALA\scalaPROJET\scala_project_mower\build.sbt. Using presentation compiler with project's scala-library version: 3.3.3
2024.07.06 20:42:30 INFO  no build target found for C:\Users\yassi\OneDrive\Bureau\4al_Sem2\SCALA\scalaPROJET\scala_project_mower\build.sbt. Using presentation compiler with project's scala-library version: 3.3.3
2024.07.06 20:42:30 INFO  no build target found for C:\Users\yassi\OneDrive\Bureau\4al_Sem2\SCALA\scalaPROJET\scala_project_mower\build.sbt. Using presentation compiler with project's scala-library version: 3.3.3
2024.07.06 20:42:31 INFO  no build target found for C:\Users\yassi\OneDrive\Bureau\4al_Sem2\SCALA\scalaPROJET\scala_project_mower\build.sbt. Using presentation compiler with project's scala-library version: 3.3.3
2024.07.06 20:42:39 INFO  Disconnecting from Bloop session...
2024.07.06 20:42:39 INFO  Shut down connection with build server.
2024.07.06 20:42:39 INFO  Attempting to connect to the build server...
2024.07.06 20:42:40 INFO  Attempting to connect to the build server...
2024.07.06 20:42:42 INFO  tracing is disabled for protocol BSP, to enable tracing of incoming and outgoing JSON messages create an empty file at C:\Users\yassi\OneDrive\Bureau\4al_Sem2\SCALA\scalaPROJET\scala_project_mower\.metals\bsp.trace.json or C:\Users\yassi\AppData\Local\scalameta\metals\cache\bsp.trace.json
2024.07.06 20:42:42 INFO  tracing is disabled for protocol BSP, to enable tracing of incoming and outgoing JSON messages create an empty file at C:\Users\yassi\OneDrive\Bureau\4al_Sem2\SCALA\scalaPROJET\scala_project_mower\.metals\bsp.trace.json or C:\Users\yassi\AppData\Local\scalameta\metals\cache\bsp.trace.json
2024.07.06 20:42:42 INFO  Attempting to connect to the build server...
2024.07.06 20:42:42 INFO  Attempting to connect to the build server...
2024.07.06 20:42:42 INFO  Attempting to connect to the build server...
2024.07.06 20:42:42 INFO  Attempting to connect to the build server...
2024.07.06 20:42:42 INFO  tracing is disabled for protocol BSP, to enable tracing of incoming and outgoing JSON messages create an empty file at C:\Users\yassi\OneDrive\Bureau\4al_Sem2\SCALA\scalaPROJET\scala_project_mower\project\.metals\bsp.trace.json or C:\Users\yassi\AppData\Local\scalameta\metals\cache\bsp.trace.json
2024.07.06 20:42:42 INFO  tracing is disabled for protocol BSP, to enable tracing of incoming and outgoing JSON messages create an empty file at C:\Users\yassi\OneDrive\Bureau\4al_Sem2\SCALA\scalaPROJET\scala_project_mower\project\project\.metals\bsp.trace.json or C:\Users\yassi\AppData\Local\scalameta\metals\cache\bsp.trace.json
2024.07.06 20:42:42 INFO  tracing is disabled for protocol BSP, to enable tracing of incoming and outgoing JSON messages create an empty file at C:\Users\yassi\OneDrive\Bureau\4al_Sem2\SCALA\scalaPROJET\scala_project_mower\project\project\.metals\bsp.trace.json or C:\Users\yassi\AppData\Local\scalameta\metals\cache\bsp.trace.json
2024.07.06 20:42:42 INFO  tracing is disabled for protocol BSP, to enable tracing of incoming and outgoing JSON messages create an empty file at C:\Users\yassi\OneDrive\Bureau\4al_Sem2\SCALA\scalaPROJET\scala_project_mower\project\.metals\bsp.trace.json or C:\Users\yassi\AppData\Local\scalameta\metals\cache\bsp.trace.json
2024.07.06 20:42:44 ERROR Failed to connect with build server, no functionality will work.
java.util.concurrent.ExecutionException: org.eclipse.lsp4j.jsonrpc.MessageIssueException: Message could not be parsed.
	at java.util.concurrent.CompletableFuture.reportGet(CompletableFuture.java:396)
	at java.util.concurrent.CompletableFuture.get(CompletableFuture.java:2096)
	at scala.meta.internal.metals.BuildServerConnection$.initialize(BuildServerConnection.scala:735)
	at scala.meta.internal.metals.BuildServerConnection$.$anonfun$fromSockets$1(BuildServerConnection.scala:615)
	at scala.concurrent.impl.Promise$Transformation.run(Promise.scala:467)
	at java.util.concurrent.ThreadPoolExecutor.runWorker(ThreadPoolExecutor.java:1136)
	at java.util.concurrent.ThreadPoolExecutor$Worker.run(ThreadPoolExecutor.java:635)
	at java.lang.Thread.run(Thread.java:833)
Caused by: org.eclipse.lsp4j.jsonrpc.MessageIssueException: Message could not be parsed.
	at org.eclipse.lsp4j.jsonrpc.RemoteEndpoint.handleResponseIssues(RemoteEndpoint.java:367)
	at org.eclipse.lsp4j.jsonrpc.RemoteEndpoint.handle(RemoteEndpoint.java:326)
	at org.eclipse.lsp4j.jsonrpc.json.StreamMessageProducer.handleMessage(StreamMessageProducer.java:189)
	at org.eclipse.lsp4j.jsonrpc.json.StreamMessageProducer.listen(StreamMessageProducer.java:97)
	at org.eclipse.lsp4j.jsonrpc.json.ConcurrentMessageProcessor.run(ConcurrentMessageProcessor.java:114)
	at java.util.concurrent.Executors$RunnableAdapter.call(Executors.java:539)
	at java.util.concurrent.FutureTask.run(FutureTask.java:264)
	at java.util.concurrent.ThreadPoolExecutor.runWorker(ThreadPoolExecutor.java:1136)
	at java.util.concurrent.ThreadPoolExecutor$Worker.run(ThreadPoolExecutor.java:635)
	at java.lang.Thread.run(Thread.java:833)

2024.07.06 20:42:44 ERROR Failed to connect with build server, no functionality will work.
java.util.concurrent.ExecutionException: org.eclipse.lsp4j.jsonrpc.MessageIssueException: Message could not be parsed.
	at java.util.concurrent.CompletableFuture.reportGet(CompletableFuture.java:396)
	at java.util.concurrent.CompletableFuture.get(CompletableFuture.java:2096)
	at scala.meta.internal.metals.BuildServerConnection$.initialize(BuildServerConnection.scala:735)
	at scala.meta.internal.metals.BuildServerConnection$.$anonfun$fromSockets$1(BuildServerConnection.scala:615)
	at scala.concurrent.impl.Promise$Transformation.run(Promise.scala:467)
	at java.util.concurrent.ThreadPoolExecutor.runWorker(ThreadPoolExecutor.java:1136)
	at java.util.concurrent.ThreadPoolExecutor$Worker.run(ThreadPoolExecutor.java:635)
	at java.lang.Thread.run(Thread.java:833)
Caused by: org.eclipse.lsp4j.jsonrpc.MessageIssueException: Message could not be parsed.
	at org.eclipse.lsp4j.jsonrpc.RemoteEndpoint.handleResponseIssues(RemoteEndpoint.java:367)
	at org.eclipse.lsp4j.jsonrpc.RemoteEndpoint.handle(RemoteEndpoint.java:326)
	at org.eclipse.lsp4j.jsonrpc.json.StreamMessageProducer.handleMessage(StreamMessageProducer.java:189)
	at org.eclipse.lsp4j.jsonrpc.json.StreamMessageProducer.listen(StreamMessageProducer.java:97)
	at org.eclipse.lsp4j.jsonrpc.json.ConcurrentMessageProcessor.run(ConcurrentMessageProcessor.java:114)
	at java.util.concurrent.Executors$RunnableAdapter.call(Executors.java:539)
	at java.util.concurrent.FutureTask.run(FutureTask.java:264)
	at java.util.concurrent.ThreadPoolExecutor.runWorker(ThreadPoolExecutor.java:1136)
	at java.util.concurrent.ThreadPoolExecutor$Worker.run(ThreadPoolExecutor.java:635)
	at java.lang.Thread.run(Thread.java:833)

2024.07.06 20:43:07 INFO  running 'C:\Users\yassi\AppData\Local\Coursier\cache\arc\https\github.com\adoptium\temurin17-binaries\releases\download\jdk-17%252B35\OpenJDK17-jdk_x64_windows_hotspot_17_35.zip\jdk-17+35\bin\java.exe -Djline.terminal=jline.UnsupportedTerminal -Dsbt.log.noformat=true -Dfile.encoding=UTF-8 -jar C:\Users\yassi\AppData\Local\Temp\metals17897644703845665368\sbt-launch.jar -Dbloop.export-jar-classifiers=sources bloopInstall'
2024.07.06 20:43:08 INFO  [info] welcome to sbt 1.9.9 (Eclipse Adoptium Java 17)
2024.07.06 20:43:09 INFO  [info] loading settings for project scala_project_mower-build-build-build from metals.sbt ...
2024.07.06 20:43:09 INFO  [info] loading project definition from C:\Users\yassi\OneDrive\Bureau\4al_Sem2\SCALA\scalaPROJET\scala_project_mower\project\project\project
2024.07.06 20:43:11 INFO  [info] loading settings for project scala_project_mower-build-build from metals.sbt ...
2024.07.06 20:43:11 INFO  [info] loading project definition from C:\Users\yassi\OneDrive\Bureau\4al_Sem2\SCALA\scalaPROJET\scala_project_mower\project\project
2024.07.06 20:43:16 INFO  [success] Generated .bloop\scala_project_mower-build-build.json
2024.07.06 20:43:16 INFO  [success] Total time: 5 s, completed 6 juil. 2024, 20:43:16
2024.07.06 20:43:16 INFO  [info] loading settings for project scala_project_mower-build from metals.sbt,plugins.sbt ...
2024.07.06 20:43:16 INFO  [info] loading project definition from C:\Users\yassi\OneDrive\Bureau\4al_Sem2\SCALA\scalaPROJET\scala_project_mower\project
2024.07.06 20:43:20 INFO  [success] Generated .bloop\scala_project_mower-build.json
2024.07.06 20:43:20 INFO  [success] Total time: 5 s, completed 6 juil. 2024, 20:43:21
2024.07.06 20:43:23 INFO  [info] loading settings for project root from build.sbt ...
2024.07.06 20:43:23 INFO  [info] set current project to funprog-AL (in build file:/C:/Users/yassi/OneDrive/Bureau/4al_Sem2/SCALA/scalaPROJET/scala_project_mower/)
juil. 06, 2024 8:43:30 PM org.eclipse.lsp4j.jsonrpc.services.GenericEndpoint notify
INFOS: Unsupported notification method: $/setTrace
2024.07.06 20:43:31 INFO  [success] Generated .bloop\root-test.json
2024.07.06 20:43:31 INFO  [info] scalafmt: Formatting 2 Scala sources (C:\Users\yassi\OneDrive\Bureau\4al_Sem2\SCALA\scalaPROJET\scala_project_mower)...
2024.07.06 20:43:32 INFO  [info] scalafmt: Reformatted 2 Scala sources
2024.07.06 20:43:32 INFO  [info] scalafmt: Formatting 12 Scala sources (C:\Users\yassi\OneDrive\Bureau\4al_Sem2\SCALA\scalaPROJET\scala_project_mower)...
2024.07.06 20:43:35 INFO  [info] scalafmt: Reformatted 12 Scala sources
2024.07.06 20:43:35 INFO  [success] Generated .bloop\root.json
2024.07.06 20:43:35 INFO  [success] Total time: 11 s, completed 6 juil. 2024, 20:43:35
2024.07.06 20:43:35 INFO  time: ran 'sbt bloopInstall' in 28s
2024.07.06 20:43:35 INFO  Attempting to connect to the build server...
2024.07.06 20:43:35 INFO  tracing is disabled for protocol BSP, to enable tracing of incoming and outgoing JSON messages create an empty file at C:\Users\yassi\OneDrive\Bureau\4al_Sem2\SCALA\scalaPROJET\scala_project_mower\.metals\bsp.trace.json or C:\Users\yassi\AppData\Local\scalameta\metals\cache\bsp.trace.json
2024.07.06 20:43:35 INFO  Attempting to connect to the build server...
2024.07.06 20:43:35 INFO  Attempting to connect to the build server...
2024.07.06 20:43:35 INFO  tracing is disabled for protocol BSP, to enable tracing of incoming and outgoing JSON messages create an empty file at C:\Users\yassi\OneDrive\Bureau\4al_Sem2\SCALA\scalaPROJET\scala_project_mower\project\.metals\bsp.trace.json or C:\Users\yassi\AppData\Local\scalameta\metals\cache\bsp.trace.json
2024.07.06 20:43:35 INFO  tracing is disabled for protocol BSP, to enable tracing of incoming and outgoing JSON messages create an empty file at C:\Users\yassi\OneDrive\Bureau\4al_Sem2\SCALA\scalaPROJET\scala_project_mower\project\project\.metals\bsp.trace.json or C:\Users\yassi\AppData\Local\scalameta\metals\cache\bsp.trace.json
2024.07.06 20:43:35 INFO  time: Connected to build server in 0.21s
2024.07.06 20:43:35 INFO  Connected to Build server: Bloop v1.5.18
2024.07.06 20:43:35 INFO  time: Imported build in 0.28s
2024.07.06 20:43:58 INFO  time: indexed workspace in 22s
2024.07.06 20:48:52 INFO  compiling scala_project_mower-build (1 scala source)
2024.07.06 20:48:52 INFO  Non-compiled module 'compiler-bridge_2.12' for Scala 2.12.18. Compiling...
2024.07.06 20:49:05 INFO  Compilation completed in 12.943s.
2024.07.06 20:49:11 INFO  time: compiled scala_project_mower-build in 18s
2024.07.06 20:49:30 INFO  Shutting down server
2024.07.06 20:49:30 INFO  shutting down Metals
2024.07.06 20:49:30 INFO  Shut down connection with build server.
2024.07.06 20:49:30 INFO  Shut down connection with build server.
2024.07.06 20:49:30 INFO  Shut down connection with build server.
2024.07.06 20:49:30 INFO  Exiting server
